Training DenseNet201...
Epoch 1/350, Validation Accuracy: 0.3110
Epoch 2/350, Validation Accuracy: 0.3110
Epoch 3/350, Validation Accuracy: 0.3171
Epoch 4/350, Validation Accuracy: 0.3110
Epoch 5/350, Validation Accuracy: 0.6067
Epoch 6/350, Validation Accuracy: 0.5000
Epoch 7/350, Validation Accuracy: 0.7134
Epoch 8/350, Validation Accuracy: 0.3689
Epoch 9/350, Validation Accuracy: 0.3079
Epoch 10/350, Validation Accuracy: 0.6159
Epoch 11/350, Validation Accuracy: 0.7530
Epoch 12/350, Validation Accuracy: 0.5610
Epoch 13/350, Validation Accuracy: 0.6768
Epoch 14/350, Validation Accuracy: 0.7256
Epoch 15/350, Validation Accuracy: 0.8780
Epoch 16/350, Validation Accuracy: 0.6707
Epoch 17/350, Validation Accuracy: 0.6799
Epoch 18/350, Validation Accuracy: 0.5976
Epoch 19/350, Validation Accuracy: 0.8750
Epoch 20/350, Validation Accuracy: 0.6311
Epoch 21/350, Validation Accuracy: 0.8811
Epoch 22/350, Validation Accuracy: 0.5610
Epoch 23/350, Validation Accuracy: 0.8232
Epoch 24/350, Validation Accuracy: 0.5396
Epoch 25/350, Validation Accuracy: 0.4756
Epoch 26/350, Validation Accuracy: 0.9116
Epoch 27/350, Validation Accuracy: 0.7957
Epoch 28/350, Validation Accuracy: 0.5213
Epoch 29/350, Validation Accuracy: 0.6829
Epoch 30/350, Validation Accuracy: 0.3750
Epoch 31/350, Validation Accuracy: 0.5732
Epoch 32/350, Validation Accuracy: 0.4970
Epoch 33/350, Validation Accuracy: 0.6341
Epoch 34/350, Validation Accuracy: 0.9238
Epoch 35/350, Validation Accuracy: 0.8750
Epoch 36/350, Validation Accuracy: 0.5701
Epoch 37/350, Validation Accuracy: 0.5244
Epoch 38/350, Validation Accuracy: 0.8293
Epoch 39/350, Validation Accuracy: 0.7470
Epoch 40/350, Validation Accuracy: 0.7744
Epoch 41/350, Validation Accuracy: 0.8293
Epoch 42/350, Validation Accuracy: 0.4421
Epoch 43/350, Validation Accuracy: 0.9329
Epoch 44/350, Validation Accuracy: 0.8171
Epoch 45/350, Validation Accuracy: 0.9451
Epoch 46/350, Validation Accuracy: 0.9268
Epoch 47/350, Validation Accuracy: 0.9207
Epoch 48/350, Validation Accuracy: 0.6189
Epoch 49/350, Validation Accuracy: 0.7927
Epoch 50/350, Validation Accuracy: 0.8262
Epoch 51/350, Validation Accuracy: 0.7561
Epoch 52/350, Validation Accuracy: 0.6799
Epoch 53/350, Validation Accuracy: 0.9817
Epoch 54/350, Validation Accuracy: 0.7774
Epoch 55/350, Validation Accuracy: 0.9238
Epoch 56/350, Validation Accuracy: 0.6250
Epoch 57/350, Validation Accuracy: 0.4421
Epoch 58/350, Validation Accuracy: 0.5701
Epoch 59/350, Validation Accuracy: 0.4909
Epoch 60/350, Validation Accuracy: 0.8811
Epoch 61/350, Validation Accuracy: 0.3720
Epoch 62/350, Validation Accuracy: 0.9207
Epoch 63/350, Validation Accuracy: 0.9421
Epoch 64/350, Validation Accuracy: 0.6646
Epoch 65/350, Validation Accuracy: 0.8994
Epoch 66/350, Validation Accuracy: 0.7835
Epoch 67/350, Validation Accuracy: 0.8079
Epoch 68/350, Validation Accuracy: 0.9360
Epoch 69/350, Validation Accuracy: 0.9848
Epoch 70/350, Validation Accuracy: 0.7988
Epoch 71/350, Validation Accuracy: 0.6189
Epoch 72/350, Validation Accuracy: 0.4939
Epoch 73/350, Validation Accuracy: 0.7622
Epoch 74/350, Validation Accuracy: 0.4573
Epoch 75/350, Validation Accuracy: 0.5732
Epoch 76/350, Validation Accuracy: 0.9604
Epoch 77/350, Validation Accuracy: 0.9604
Epoch 78/350, Validation Accuracy: 0.9878
Epoch 79/350, Validation Accuracy: 0.9604
Epoch 80/350, Validation Accuracy: 0.9634
Epoch 81/350, Validation Accuracy: 0.6585
Epoch 82/350, Validation Accuracy: 0.9787
Epoch 83/350, Validation Accuracy: 0.8750
Epoch 84/350, Validation Accuracy: 0.6280
Epoch 85/350, Validation Accuracy: 0.9634
Epoch 86/350, Validation Accuracy: 0.6402
Epoch 87/350, Validation Accuracy: 0.5366
Epoch 88/350, Validation Accuracy: 0.9787
Epoch 89/350, Validation Accuracy: 0.9665
Epoch 90/350, Validation Accuracy: 0.7866
Epoch 91/350, Validation Accuracy: 0.9848
Epoch 92/350, Validation Accuracy: 0.9024
Epoch 93/350, Validation Accuracy: 0.5183
Epoch 94/350, Validation Accuracy: 0.8933
Epoch 95/350, Validation Accuracy: 0.9360
Epoch 96/350, Validation Accuracy: 0.9634
Epoch 97/350, Validation Accuracy: 0.8537
Epoch 98/350, Validation Accuracy: 0.7134
Epoch 99/350, Validation Accuracy: 0.4756
Epoch 100/350, Validation Accuracy: 0.5274
Epoch 101/350, Validation Accuracy: 0.9055
Epoch 102/350, Validation Accuracy: 0.7530
Epoch 103/350, Validation Accuracy: 0.8537
Epoch 104/350, Validation Accuracy: 0.9970
Epoch 105/350, Validation Accuracy: 0.7165
Epoch 106/350, Validation Accuracy: 0.9848
Epoch 107/350, Validation Accuracy: 0.9939
Epoch 108/350, Validation Accuracy: 0.9390
Epoch 109/350, Validation Accuracy: 0.6555
Epoch 110/350, Validation Accuracy: 0.9543
Epoch 111/350, Validation Accuracy: 0.5884
Epoch 112/350, Validation Accuracy: 0.9848
Epoch 113/350, Validation Accuracy: 0.9634
Epoch 114/350, Validation Accuracy: 0.6006
Epoch 115/350, Validation Accuracy: 0.9695
Epoch 116/350, Validation Accuracy: 0.6220
Epoch 117/350, Validation Accuracy: 0.8994
Epoch 118/350, Validation Accuracy: 0.9482
Epoch 119/350, Validation Accuracy: 0.8933
Epoch 120/350, Validation Accuracy: 0.9604
Epoch 121/350, Validation Accuracy: 0.5030
Epoch 122/350, Validation Accuracy: 0.9085
Epoch 123/350, Validation Accuracy: 0.9604
Epoch 124/350, Validation Accuracy: 0.9482
Epoch 125/350, Validation Accuracy: 0.8780
Epoch 126/350, Validation Accuracy: 0.7927
Epoch 127/350, Validation Accuracy: 0.7774
Epoch 128/350, Validation Accuracy: 1.0000
Epoch 129/350, Validation Accuracy: 1.0000
Epoch 130/350, Validation Accuracy: 0.6250
Epoch 131/350, Validation Accuracy: 0.5854
Epoch 132/350, Validation Accuracy: 0.9573
Epoch 133/350, Validation Accuracy: 1.0000
Epoch 134/350, Validation Accuracy: 0.8963
Epoch 135/350, Validation Accuracy: 0.9024
Epoch 136/350, Validation Accuracy: 0.5823
Epoch 137/350, Validation Accuracy: 0.9756
Epoch 138/350, Validation Accuracy: 0.6494
Epoch 139/350, Validation Accuracy: 0.9909
Epoch 140/350, Validation Accuracy: 0.7256
Epoch 141/350, Validation Accuracy: 0.9726
Epoch 142/350, Validation Accuracy: 0.9848
Epoch 143/350, Validation Accuracy: 0.8506
Epoch 144/350, Validation Accuracy: 0.8354
Epoch 145/350, Validation Accuracy: 0.7622
Epoch 146/350, Validation Accuracy: 0.6220
Epoch 147/350, Validation Accuracy: 0.8445
Epoch 148/350, Validation Accuracy: 0.9665
Epoch 149/350, Validation Accuracy: 0.9573
Epoch 150/350, Validation Accuracy: 0.7530
Epoch 151/350, Validation Accuracy: 0.8018
Epoch 152/350, Validation Accuracy: 0.9573
Epoch 153/350, Validation Accuracy: 0.9878
Epoch 154/350, Validation Accuracy: 0.9787
Epoch 155/350, Validation Accuracy: 0.9909
Epoch 156/350, Validation Accuracy: 0.9543
Epoch 157/350, Validation Accuracy: 0.9939
Epoch 158/350, Validation Accuracy: 0.9970
Epoch 159/350, Validation Accuracy: 0.9878
Epoch 160/350, Validation Accuracy: 0.9482
Epoch 161/350, Validation Accuracy: 1.0000
Epoch 162/350, Validation Accuracy: 0.8750
Epoch 163/350, Validation Accuracy: 0.9756
Epoch 164/350, Validation Accuracy: 0.9939
Epoch 165/350, Validation Accuracy: 0.9451
Epoch 166/350, Validation Accuracy: 0.9726
Epoch 167/350, Validation Accuracy: 0.9634
Epoch 168/350, Validation Accuracy: 0.9512
Epoch 169/350, Validation Accuracy: 0.9970
Epoch 170/350, Validation Accuracy: 0.5945
Epoch 171/350, Validation Accuracy: 0.8689
Epoch 172/350, Validation Accuracy: 0.9756
Epoch 173/350, Validation Accuracy: 0.6402
Epoch 174/350, Validation Accuracy: 0.6829
Epoch 175/350, Validation Accuracy: 0.7591
Epoch 176/350, Validation Accuracy: 0.6860
Epoch 177/350, Validation Accuracy: 0.9756
Epoch 178/350, Validation Accuracy: 0.9848
Epoch 179/350, Validation Accuracy: 0.6341
Epoch 180/350, Validation Accuracy: 0.9024
Epoch 181/350, Validation Accuracy: 0.5549
Epoch 182/350, Validation Accuracy: 0.7226
Epoch 183/350, Validation Accuracy: 0.9878
Epoch 184/350, Validation Accuracy: 0.8811
Epoch 185/350, Validation Accuracy: 0.9909
Epoch 186/350, Validation Accuracy: 0.9848
Epoch 187/350, Validation Accuracy: 0.9360
Epoch 188/350, Validation Accuracy: 0.9787
Epoch 189/350, Validation Accuracy: 0.7073
Epoch 190/350, Validation Accuracy: 0.9238
Epoch 191/350, Validation Accuracy: 0.8872
Epoch 192/350, Validation Accuracy: 0.9756
Epoch 193/350, Validation Accuracy: 0.7866
Epoch 194/350, Validation Accuracy: 0.9909
Epoch 195/350, Validation Accuracy: 0.9878
Epoch 196/350, Validation Accuracy: 0.8659
Epoch 197/350, Validation Accuracy: 0.9909
Epoch 198/350, Validation Accuracy: 0.7713
Epoch 199/350, Validation Accuracy: 0.6067
Epoch 200/350, Validation Accuracy: 0.9390
Epoch 201/350, Validation Accuracy: 0.9116
Epoch 202/350, Validation Accuracy: 0.5854
Epoch 203/350, Validation Accuracy: 0.4848
Epoch 204/350, Validation Accuracy: 0.9787
Epoch 205/350, Validation Accuracy: 0.8598
Epoch 206/350, Validation Accuracy: 0.5640
Epoch 207/350, Validation Accuracy: 0.9878
Epoch 208/350, Validation Accuracy: 0.9268
Epoch 209/350, Validation Accuracy: 0.9360
Epoch 210/350, Validation Accuracy: 0.9390
Epoch 211/350, Validation Accuracy: 0.9939
Epoch 212/350, Validation Accuracy: 0.8902
Epoch 213/350, Validation Accuracy: 0.7104
Epoch 214/350, Validation Accuracy: 1.0000
Epoch 215/350, Validation Accuracy: 0.9817
Epoch 216/350, Validation Accuracy: 0.8445
Epoch 217/350, Validation Accuracy: 0.9573
Epoch 218/350, Validation Accuracy: 0.9878
Epoch 219/350, Validation Accuracy: 0.7835
Epoch 220/350, Validation Accuracy: 0.9970
Epoch 221/350, Validation Accuracy: 0.7866
Epoch 222/350, Validation Accuracy: 0.9665
Epoch 223/350, Validation Accuracy: 1.0000
Epoch 224/350, Validation Accuracy: 0.7744
Epoch 225/350, Validation Accuracy: 1.0000
Epoch 226/350, Validation Accuracy: 0.9756
Epoch 227/350, Validation Accuracy: 0.9970
Epoch 228/350, Validation Accuracy: 0.9512
Epoch 229/350, Validation Accuracy: 1.0000
Epoch 230/350, Validation Accuracy: 0.9970
Epoch 231/350, Validation Accuracy: 0.9268
Epoch 232/350, Validation Accuracy: 0.9726
Epoch 233/350, Validation Accuracy: 0.9909
Epoch 234/350, Validation Accuracy: 0.9573
Epoch 235/350, Validation Accuracy: 0.9726
Epoch 236/350, Validation Accuracy: 0.9756
Epoch 237/350, Validation Accuracy: 0.7652
Epoch 238/350, Validation Accuracy: 0.9421
Epoch 239/350, Validation Accuracy: 0.9909
Epoch 240/350, Validation Accuracy: 1.0000
Epoch 241/350, Validation Accuracy: 0.9695
Epoch 242/350, Validation Accuracy: 0.9787
Epoch 243/350, Validation Accuracy: 0.9909
Epoch 244/350, Validation Accuracy: 0.8811
Epoch 245/350, Validation Accuracy: 0.9970
Epoch 246/350, Validation Accuracy: 0.9756
Epoch 247/350, Validation Accuracy: 0.9939
Epoch 248/350, Validation Accuracy: 1.0000
Epoch 249/350, Validation Accuracy: 0.9909
Epoch 250/350, Validation Accuracy: 1.0000
Epoch 251/350, Validation Accuracy: 1.0000
Epoch 252/350, Validation Accuracy: 0.5823
Epoch 253/350, Validation Accuracy: 0.8994
Epoch 254/350, Validation Accuracy: 0.8994
Epoch 255/350, Validation Accuracy: 0.9665
Epoch 256/350, Validation Accuracy: 0.8963
Epoch 257/350, Validation Accuracy: 0.9909
Epoch 258/350, Validation Accuracy: 0.9329
Epoch 259/350, Validation Accuracy: 1.0000
Epoch 260/350, Validation Accuracy: 1.0000
Epoch 261/350, Validation Accuracy: 0.9939
Epoch 262/350, Validation Accuracy: 0.9146
Epoch 263/350, Validation Accuracy: 1.0000
Epoch 264/350, Validation Accuracy: 1.0000
Epoch 265/350, Validation Accuracy: 0.9421
Epoch 266/350, Validation Accuracy: 1.0000
Epoch 267/350, Validation Accuracy: 0.9756
Epoch 268/350, Validation Accuracy: 0.5244
Epoch 269/350, Validation Accuracy: 0.4390
Epoch 270/350, Validation Accuracy: 0.9360
Epoch 271/350, Validation Accuracy: 0.9726
Epoch 272/350, Validation Accuracy: 0.9177
Epoch 273/350, Validation Accuracy: 0.9848
Epoch 274/350, Validation Accuracy: 0.9970
Epoch 275/350, Validation Accuracy: 0.7287
Epoch 276/350, Validation Accuracy: 0.9939
Epoch 277/350, Validation Accuracy: 0.9848
Epoch 278/350, Validation Accuracy: 0.9451
Epoch 279/350, Validation Accuracy: 0.9543
Epoch 280/350, Validation Accuracy: 1.0000
Epoch 281/350, Validation Accuracy: 0.9726
Epoch 282/350, Validation Accuracy: 0.6646
Epoch 283/350, Validation Accuracy: 0.9970
Epoch 284/350, Validation Accuracy: 0.9878
Epoch 285/350, Validation Accuracy: 1.0000
Epoch 286/350, Validation Accuracy: 0.8963
Epoch 287/350, Validation Accuracy: 0.9817
Epoch 288/350, Validation Accuracy: 0.9695
Epoch 289/350, Validation Accuracy: 0.9695
Epoch 290/350, Validation Accuracy: 0.7683
Epoch 291/350, Validation Accuracy: 0.8811
Epoch 292/350, Validation Accuracy: 0.5671
Epoch 293/350, Validation Accuracy: 0.9634
Epoch 294/350, Validation Accuracy: 0.9177
Epoch 295/350, Validation Accuracy: 0.9207
Epoch 296/350, Validation Accuracy: 0.9024
Epoch 297/350, Validation Accuracy: 0.8567
Epoch 298/350, Validation Accuracy: 0.8262
Epoch 299/350, Validation Accuracy: 0.9665
Epoch 300/350, Validation Accuracy: 1.0000
Epoch 301/350, Validation Accuracy: 0.9421
Epoch 302/350, Validation Accuracy: 0.9909
Epoch 303/350, Validation Accuracy: 0.5518
Epoch 304/350, Validation Accuracy: 0.9909
Epoch 305/350, Validation Accuracy: 0.8476
Epoch 306/350, Validation Accuracy: 0.9939
Epoch 307/350, Validation Accuracy: 0.9939
Epoch 308/350, Validation Accuracy: 0.8598
Epoch 309/350, Validation Accuracy: 0.9939
Epoch 310/350, Validation Accuracy: 0.9939
Epoch 311/350, Validation Accuracy: 1.0000
Epoch 312/350, Validation Accuracy: 0.7713
Epoch 313/350, Validation Accuracy: 1.0000
Epoch 314/350, Validation Accuracy: 1.0000
Epoch 315/350, Validation Accuracy: 1.0000
Epoch 316/350, Validation Accuracy: 0.8659
Epoch 317/350, Validation Accuracy: 1.0000
Epoch 318/350, Validation Accuracy: 0.9848
Epoch 319/350, Validation Accuracy: 0.9970
Epoch 320/350, Validation Accuracy: 1.0000
Epoch 321/350, Validation Accuracy: 0.8628
Epoch 322/350, Validation Accuracy: 1.0000
Epoch 323/350, Validation Accuracy: 0.9146
Epoch 324/350, Validation Accuracy: 0.9817
Epoch 325/350, Validation Accuracy: 0.9939
Epoch 326/350, Validation Accuracy: 1.0000
Epoch 327/350, Validation Accuracy: 0.9970
Epoch 328/350, Validation Accuracy: 1.0000
Epoch 329/350, Validation Accuracy: 0.9787
Epoch 330/350, Validation Accuracy: 0.9390
Epoch 331/350, Validation Accuracy: 0.9939
Epoch 332/350, Validation Accuracy: 0.9970
Epoch 333/350, Validation Accuracy: 0.9634
Epoch 334/350, Validation Accuracy: 1.0000
Epoch 335/350, Validation Accuracy: 0.9085
Epoch 336/350, Validation Accuracy: 1.0000
Epoch 337/350, Validation Accuracy: 0.8933
Epoch 338/350, Validation Accuracy: 1.0000
Epoch 339/350, Validation Accuracy: 1.0000
Epoch 340/350, Validation Accuracy: 1.0000
Epoch 341/350, Validation Accuracy: 0.9970
Epoch 342/350, Validation Accuracy: 1.0000
Epoch 343/350, Validation Accuracy: 0.9604
Epoch 344/350, Validation Accuracy: 0.3659
Epoch 345/350, Validation Accuracy: 0.7683
Epoch 346/350, Validation Accuracy: 0.5732
Epoch 347/350, Validation Accuracy: 0.9390
Epoch 348/350, Validation Accuracy: 0.9939
Epoch 349/350, Validation Accuracy: 0.8262
Epoch 350/350, Validation Accuracy: 0.9909
DenseNet201 Best Validation Accuracy: 1.0000
Training ResNet50...
Epoch 1/350, Validation Accuracy: 0.3110
Epoch 2/350, Validation Accuracy: 0.5274
Epoch 3/350, Validation Accuracy: 0.5213
Epoch 4/350, Validation Accuracy: 0.3079
Epoch 5/350, Validation Accuracy: 0.5366
Epoch 6/350, Validation Accuracy: 0.6098
Epoch 7/350, Validation Accuracy: 0.3445
Epoch 8/350, Validation Accuracy: 0.7134
Epoch 9/350, Validation Accuracy: 0.7622
Epoch 10/350, Validation Accuracy: 0.8262
Epoch 11/350, Validation Accuracy: 0.7683
Epoch 12/350, Validation Accuracy: 0.6372
Epoch 13/350, Validation Accuracy: 0.7652
Epoch 14/350, Validation Accuracy: 0.8140
Epoch 15/350, Validation Accuracy: 0.8598
Epoch 16/350, Validation Accuracy: 0.6372
Epoch 17/350, Validation Accuracy: 0.8537
Epoch 18/350, Validation Accuracy: 0.6585
Epoch 19/350, Validation Accuracy: 0.7012
Epoch 20/350, Validation Accuracy: 0.8933
Epoch 21/350, Validation Accuracy: 0.8598
Epoch 22/350, Validation Accuracy: 0.5000
Epoch 23/350, Validation Accuracy: 0.4085
Epoch 24/350, Validation Accuracy: 0.8171
Epoch 25/350, Validation Accuracy: 0.9238
Epoch 26/350, Validation Accuracy: 0.9207
Epoch 27/350, Validation Accuracy: 0.3780
Epoch 28/350, Validation Accuracy: 0.9360
Epoch 29/350, Validation Accuracy: 0.5671
Epoch 30/350, Validation Accuracy: 0.9360
Epoch 31/350, Validation Accuracy: 0.9390
Epoch 32/350, Validation Accuracy: 0.8262
Epoch 33/350, Validation Accuracy: 0.9238
Epoch 34/350, Validation Accuracy: 0.8811
Epoch 35/350, Validation Accuracy: 0.6402
Epoch 36/350, Validation Accuracy: 0.9299
Epoch 37/350, Validation Accuracy: 0.8841
Epoch 38/350, Validation Accuracy: 0.8963
Epoch 39/350, Validation Accuracy: 0.8628
Epoch 40/350, Validation Accuracy: 0.9299
Epoch 41/350, Validation Accuracy: 0.7988
Epoch 42/350, Validation Accuracy: 0.9268
Epoch 43/350, Validation Accuracy: 0.9207
Epoch 44/350, Validation Accuracy: 0.9268
Epoch 45/350, Validation Accuracy: 0.5366
Epoch 46/350, Validation Accuracy: 0.9360
Epoch 47/350, Validation Accuracy: 0.9299
Epoch 48/350, Validation Accuracy: 0.9085
Epoch 49/350, Validation Accuracy: 0.9360
Epoch 50/350, Validation Accuracy: 0.7500
Epoch 51/350, Validation Accuracy: 0.7165
Epoch 52/350, Validation Accuracy: 0.8841
Epoch 53/350, Validation Accuracy: 0.9543
Epoch 54/350, Validation Accuracy: 0.8323
Epoch 55/350, Validation Accuracy: 0.9177
Epoch 56/350, Validation Accuracy: 0.9512
Epoch 57/350, Validation Accuracy: 0.9543
Epoch 58/350, Validation Accuracy: 0.8933
Epoch 59/350, Validation Accuracy: 0.9207
Epoch 60/350, Validation Accuracy: 0.8537
Epoch 61/350, Validation Accuracy: 0.4573
Epoch 62/350, Validation Accuracy: 0.8780
Epoch 63/350, Validation Accuracy: 0.9146
Epoch 64/350, Validation Accuracy: 0.8262
Epoch 65/350, Validation Accuracy: 0.5518
Epoch 66/350, Validation Accuracy: 0.6524
Epoch 67/350, Validation Accuracy: 0.9268
Epoch 68/350, Validation Accuracy: 0.9512
Epoch 69/350, Validation Accuracy: 0.8841
Epoch 70/350, Validation Accuracy: 0.8293
Epoch 71/350, Validation Accuracy: 0.6890
Epoch 72/350, Validation Accuracy: 0.8872
Epoch 73/350, Validation Accuracy: 0.7866
Epoch 74/350, Validation Accuracy: 0.7317
Epoch 75/350, Validation Accuracy: 0.4482
Epoch 76/350, Validation Accuracy: 0.9299
Epoch 77/350, Validation Accuracy: 0.9573
Epoch 78/350, Validation Accuracy: 0.9482
Epoch 79/350, Validation Accuracy: 0.9482
Epoch 80/350, Validation Accuracy: 0.6098
Epoch 81/350, Validation Accuracy: 0.8780
Epoch 82/350, Validation Accuracy: 0.4207
Epoch 83/350, Validation Accuracy: 0.8933
Epoch 84/350, Validation Accuracy: 0.8506
Epoch 85/350, Validation Accuracy: 0.7713
Epoch 86/350, Validation Accuracy: 0.5793
Epoch 87/350, Validation Accuracy: 0.9482
Epoch 88/350, Validation Accuracy: 0.9634
Epoch 89/350, Validation Accuracy: 0.9665
Epoch 90/350, Validation Accuracy: 0.5152
Epoch 91/350, Validation Accuracy: 0.9543
Epoch 92/350, Validation Accuracy: 0.9634
Epoch 93/350, Validation Accuracy: 0.9726
Epoch 94/350, Validation Accuracy: 0.6921
Epoch 95/350, Validation Accuracy: 0.9146
Epoch 96/350, Validation Accuracy: 0.9451
Epoch 97/350, Validation Accuracy: 0.8872
Epoch 98/350, Validation Accuracy: 0.4421
Epoch 99/350, Validation Accuracy: 0.9573
Epoch 100/350, Validation Accuracy: 0.8415
Epoch 101/350, Validation Accuracy: 0.8110
Epoch 102/350, Validation Accuracy: 0.6189
Epoch 103/350, Validation Accuracy: 0.7012
Epoch 104/350, Validation Accuracy: 0.9512
Epoch 105/350, Validation Accuracy: 0.9573
Epoch 106/350, Validation Accuracy: 0.9451
Epoch 107/350, Validation Accuracy: 0.9665
Epoch 108/350, Validation Accuracy: 0.9360
Epoch 109/350, Validation Accuracy: 0.9451
Epoch 110/350, Validation Accuracy: 0.9482
Epoch 111/350, Validation Accuracy: 0.4787
Epoch 112/350, Validation Accuracy: 0.9055
Epoch 113/350, Validation Accuracy: 0.9421
Epoch 114/350, Validation Accuracy: 0.8750
Epoch 115/350, Validation Accuracy: 0.9512
Epoch 116/350, Validation Accuracy: 0.9573
Epoch 117/350, Validation Accuracy: 0.9543
Epoch 118/350, Validation Accuracy: 0.9573
Epoch 119/350, Validation Accuracy: 0.9604
Epoch 120/350, Validation Accuracy: 0.9573
Epoch 121/350, Validation Accuracy: 0.9482
Epoch 122/350, Validation Accuracy: 0.9146
Epoch 123/350, Validation Accuracy: 0.9512
Epoch 124/350, Validation Accuracy: 0.4360
Epoch 125/350, Validation Accuracy: 0.9329
Epoch 126/350, Validation Accuracy: 0.6585
Epoch 127/350, Validation Accuracy: 0.4024
Epoch 128/350, Validation Accuracy: 0.9329
Epoch 129/350, Validation Accuracy: 0.8841
Epoch 130/350, Validation Accuracy: 0.5183
Epoch 131/350, Validation Accuracy: 0.7012
Epoch 132/350, Validation Accuracy: 0.9695
Epoch 133/350, Validation Accuracy: 0.9665
Epoch 134/350, Validation Accuracy: 0.9726
Epoch 135/350, Validation Accuracy: 0.9665
Epoch 136/350, Validation Accuracy: 0.9665
Epoch 137/350, Validation Accuracy: 0.9665
Epoch 138/350, Validation Accuracy: 0.9634
Epoch 139/350, Validation Accuracy: 0.9665
Epoch 140/350, Validation Accuracy: 0.9695
Epoch 141/350, Validation Accuracy: 0.9665
Epoch 142/350, Validation Accuracy: 0.9665
Epoch 143/350, Validation Accuracy: 0.9726
Epoch 144/350, Validation Accuracy: 0.9695
Epoch 145/350, Validation Accuracy: 0.9665
Epoch 146/350, Validation Accuracy: 0.9726
Epoch 147/350, Validation Accuracy: 0.9695
Epoch 148/350, Validation Accuracy: 0.9634
Epoch 149/350, Validation Accuracy: 0.9695
Epoch 150/350, Validation Accuracy: 0.9695
Epoch 151/350, Validation Accuracy: 0.9695
Epoch 152/350, Validation Accuracy: 0.9695
Epoch 153/350, Validation Accuracy: 0.9665
Epoch 154/350, Validation Accuracy: 0.9665
Epoch 155/350, Validation Accuracy: 0.9665
Epoch 156/350, Validation Accuracy: 0.9634
Epoch 157/350, Validation Accuracy: 0.9665
Epoch 158/350, Validation Accuracy: 0.9695
Epoch 159/350, Validation Accuracy: 0.9665
Epoch 160/350, Validation Accuracy: 0.9634
Epoch 161/350, Validation Accuracy: 0.9634
Epoch 162/350, Validation Accuracy: 0.9665
Epoch 163/350, Validation Accuracy: 0.9604
Epoch 164/350, Validation Accuracy: 0.9634
Epoch 165/350, Validation Accuracy: 0.9634
Epoch 166/350, Validation Accuracy: 0.9665
Epoch 167/350, Validation Accuracy: 0.9695
Epoch 168/350, Validation Accuracy: 0.9634
Epoch 169/350, Validation Accuracy: 0.9665
Epoch 170/350, Validation Accuracy: 0.9665
Epoch 171/350, Validation Accuracy: 0.9665
Epoch 172/350, Validation Accuracy: 0.9665
Epoch 173/350, Validation Accuracy: 0.9634
Epoch 174/350, Validation Accuracy: 0.9695
Epoch 175/350, Validation Accuracy: 0.9634
Epoch 176/350, Validation Accuracy: 0.9665
Epoch 177/350, Validation Accuracy: 0.9665
Epoch 178/350, Validation Accuracy: 0.9085
Epoch 179/350, Validation Accuracy: 0.9695
Epoch 180/350, Validation Accuracy: 0.9665
Epoch 181/350, Validation Accuracy: 0.9695
Epoch 182/350, Validation Accuracy: 0.9543
Epoch 183/350, Validation Accuracy: 0.9604
Epoch 184/350, Validation Accuracy: 0.9604
Epoch 185/350, Validation Accuracy: 0.9695
Epoch 186/350, Validation Accuracy: 0.9634
Epoch 187/350, Validation Accuracy: 0.9634
Epoch 188/350, Validation Accuracy: 0.9665
Epoch 189/350, Validation Accuracy: 0.9665
Epoch 190/350, Validation Accuracy: 0.9665
Epoch 191/350, Validation Accuracy: 0.9665
Epoch 192/350, Validation Accuracy: 0.9604
Epoch 193/350, Validation Accuracy: 0.9634
Epoch 194/350, Validation Accuracy: 0.9695
Epoch 195/350, Validation Accuracy: 0.9665
Epoch 196/350, Validation Accuracy: 0.9634
Epoch 197/350, Validation Accuracy: 0.9665
Epoch 198/350, Validation Accuracy: 0.9665
Epoch 199/350, Validation Accuracy: 0.9695
Epoch 200/350, Validation Accuracy: 0.9665
Epoch 201/350, Validation Accuracy: 0.9695
Epoch 202/350, Validation Accuracy: 0.9634
Epoch 203/350, Validation Accuracy: 0.9665
Epoch 204/350, Validation Accuracy: 0.9665
Epoch 205/350, Validation Accuracy: 0.9573
Epoch 206/350, Validation Accuracy: 0.9634
Epoch 207/350, Validation Accuracy: 0.9665
Epoch 208/350, Validation Accuracy: 0.9634
Epoch 209/350, Validation Accuracy: 0.9695
Epoch 210/350, Validation Accuracy: 0.9726
Epoch 211/350, Validation Accuracy: 0.9695
Epoch 212/350, Validation Accuracy: 0.9695
Epoch 213/350, Validation Accuracy: 0.9726
Epoch 214/350, Validation Accuracy: 0.9604
Epoch 215/350, Validation Accuracy: 0.9634
Epoch 216/350, Validation Accuracy: 0.9634
Epoch 217/350, Validation Accuracy: 0.9665
Epoch 218/350, Validation Accuracy: 0.9634
Epoch 219/350, Validation Accuracy: 0.9604
Epoch 220/350, Validation Accuracy: 0.9634
Epoch 221/350, Validation Accuracy: 0.9634
Epoch 222/350, Validation Accuracy: 0.9634
Epoch 223/350, Validation Accuracy: 0.9665
Epoch 224/350, Validation Accuracy: 0.9634
Epoch 225/350, Validation Accuracy: 0.9604
Epoch 226/350, Validation Accuracy: 0.9665
Epoch 227/350, Validation Accuracy: 0.9604
Epoch 228/350, Validation Accuracy: 0.9695
Epoch 229/350, Validation Accuracy: 0.9756
Epoch 230/350, Validation Accuracy: 0.9665
Epoch 231/350, Validation Accuracy: 0.9634
Epoch 232/350, Validation Accuracy: 0.9726
Epoch 233/350, Validation Accuracy: 0.9665
Epoch 234/350, Validation Accuracy: 0.3811
Epoch 235/350, Validation Accuracy: 0.6768
Epoch 236/350, Validation Accuracy: 0.9085
Epoch 237/350, Validation Accuracy: 0.7957
Epoch 238/350, Validation Accuracy: 0.8994
Epoch 239/350, Validation Accuracy: 0.8445
Epoch 240/350, Validation Accuracy: 0.8293
Epoch 241/350, Validation Accuracy: 0.9268
Epoch 242/350, Validation Accuracy: 0.9543
Epoch 243/350, Validation Accuracy: 0.9634
Epoch 244/350, Validation Accuracy: 0.9482
Epoch 245/350, Validation Accuracy: 0.9634
Epoch 246/350, Validation Accuracy: 0.6189
Epoch 247/350, Validation Accuracy: 0.9268
Epoch 248/350, Validation Accuracy: 0.9390
Epoch 249/350, Validation Accuracy: 0.8598
Epoch 250/350, Validation Accuracy: 0.9329
Epoch 251/350, Validation Accuracy: 0.9055
Epoch 252/350, Validation Accuracy: 0.4756
Epoch 253/350, Validation Accuracy: 0.9573
Epoch 254/350, Validation Accuracy: 0.9421
Epoch 255/350, Validation Accuracy: 0.9085
Epoch 256/350, Validation Accuracy: 0.9726
Epoch 257/350, Validation Accuracy: 0.9665
Epoch 258/350, Validation Accuracy: 0.9726
Epoch 259/350, Validation Accuracy: 0.9634
Epoch 260/350, Validation Accuracy: 0.9665
Epoch 261/350, Validation Accuracy: 0.9116
Epoch 262/350, Validation Accuracy: 0.9695
Epoch 263/350, Validation Accuracy: 0.9543
Epoch 264/350, Validation Accuracy: 0.9055
Epoch 265/350, Validation Accuracy: 0.8598
Epoch 266/350, Validation Accuracy: 0.8537
Epoch 267/350, Validation Accuracy: 0.4177
Epoch 268/350, Validation Accuracy: 0.9451
Epoch 269/350, Validation Accuracy: 0.9238
Epoch 270/350, Validation Accuracy: 0.9634
Epoch 271/350, Validation Accuracy: 0.9665
Epoch 272/350, Validation Accuracy: 0.9726
Epoch 273/350, Validation Accuracy: 0.9726
Epoch 274/350, Validation Accuracy: 0.9695
Epoch 275/350, Validation Accuracy: 0.9634
Epoch 276/350, Validation Accuracy: 0.9604
Epoch 277/350, Validation Accuracy: 0.9665
Epoch 278/350, Validation Accuracy: 0.9665
Epoch 279/350, Validation Accuracy: 0.9665
Epoch 280/350, Validation Accuracy: 0.9665
Epoch 281/350, Validation Accuracy: 0.9665
Epoch 282/350, Validation Accuracy: 0.9634
Epoch 283/350, Validation Accuracy: 0.9665
Epoch 284/350, Validation Accuracy: 0.9665
Epoch 285/350, Validation Accuracy: 0.9665
Epoch 286/350, Validation Accuracy: 0.9665
Epoch 287/350, Validation Accuracy: 0.9695
Epoch 288/350, Validation Accuracy: 0.9695
Epoch 289/350, Validation Accuracy: 0.9665
Epoch 290/350, Validation Accuracy: 0.9695
Epoch 291/350, Validation Accuracy: 0.9665
Epoch 292/350, Validation Accuracy: 0.9665
Epoch 293/350, Validation Accuracy: 0.9665
Epoch 294/350, Validation Accuracy: 0.9665
Epoch 295/350, Validation Accuracy: 0.9543
Epoch 296/350, Validation Accuracy: 0.9451
Epoch 297/350, Validation Accuracy: 0.6585
Epoch 298/350, Validation Accuracy: 0.4817
Epoch 299/350, Validation Accuracy: 0.9482
Epoch 300/350, Validation Accuracy: 0.9482
Epoch 301/350, Validation Accuracy: 0.9634
Epoch 302/350, Validation Accuracy: 0.9634
Epoch 303/350, Validation Accuracy: 0.9695
Epoch 304/350, Validation Accuracy: 0.9726
Epoch 305/350, Validation Accuracy: 0.9573
Epoch 306/350, Validation Accuracy: 0.9756
Epoch 307/350, Validation Accuracy: 0.9665
Epoch 308/350, Validation Accuracy: 0.9726
Epoch 309/350, Validation Accuracy: 0.9634
Epoch 310/350, Validation Accuracy: 0.9604
Epoch 311/350, Validation Accuracy: 0.9695
Epoch 312/350, Validation Accuracy: 0.9665
Epoch 313/350, Validation Accuracy: 0.9695
Epoch 314/350, Validation Accuracy: 0.9756
Epoch 315/350, Validation Accuracy: 0.9756
Epoch 316/350, Validation Accuracy: 0.9726
Epoch 317/350, Validation Accuracy: 0.9726
Epoch 318/350, Validation Accuracy: 0.9665
Epoch 319/350, Validation Accuracy: 0.9756
Epoch 320/350, Validation Accuracy: 0.9604
Epoch 321/350, Validation Accuracy: 0.4512
Epoch 322/350, Validation Accuracy: 0.7835
Epoch 323/350, Validation Accuracy: 0.8963
Epoch 324/350, Validation Accuracy: 0.9543
Epoch 325/350, Validation Accuracy: 0.9573
Epoch 326/350, Validation Accuracy: 0.9390
Epoch 327/350, Validation Accuracy: 0.9726
Epoch 328/350, Validation Accuracy: 0.9848
Epoch 329/350, Validation Accuracy: 0.9787
Epoch 330/350, Validation Accuracy: 0.9756
Epoch 331/350, Validation Accuracy: 0.9756
Epoch 332/350, Validation Accuracy: 0.9756
Epoch 333/350, Validation Accuracy: 0.9756
Epoch 334/350, Validation Accuracy: 0.9756
Epoch 335/350, Validation Accuracy: 0.9787
Epoch 336/350, Validation Accuracy: 0.9756
Epoch 337/350, Validation Accuracy: 0.9634
Epoch 338/350, Validation Accuracy: 0.9787
Epoch 339/350, Validation Accuracy: 0.9756
Epoch 340/350, Validation Accuracy: 0.9787
Epoch 341/350, Validation Accuracy: 0.9787
Epoch 342/350, Validation Accuracy: 0.9817
Epoch 343/350, Validation Accuracy: 0.9817
Epoch 344/350, Validation Accuracy: 0.9726
Epoch 345/350, Validation Accuracy: 0.9817
Epoch 346/350, Validation Accuracy: 0.9817
Epoch 347/350, Validation Accuracy: 0.9756
Epoch 348/350, Validation Accuracy: 0.9817
Epoch 349/350, Validation Accuracy: 0.9756
Epoch 350/350, Validation Accuracy: 0.9756
ResNet50 Best Validation Accuracy: 0.9848
Training VGG19...
Epoch 1/350, Validation Accuracy: 0.4939
Epoch 2/350, Validation Accuracy: 0.5671
Epoch 3/350, Validation Accuracy: 0.6829
Epoch 4/350, Validation Accuracy: 0.5854
Epoch 5/350, Validation Accuracy: 0.6799
Epoch 6/350, Validation Accuracy: 0.6616
Epoch 7/350, Validation Accuracy: 0.5213
Epoch 8/350, Validation Accuracy: 0.3841
Epoch 9/350, Validation Accuracy: 0.7805
Epoch 10/350, Validation Accuracy: 0.8506
Epoch 11/350, Validation Accuracy: 0.8476
Epoch 12/350, Validation Accuracy: 0.5061
Epoch 13/350, Validation Accuracy: 0.8720
Epoch 14/350, Validation Accuracy: 0.7256
Epoch 15/350, Validation Accuracy: 0.3537
Epoch 16/350, Validation Accuracy: 0.8780
Epoch 17/350, Validation Accuracy: 0.8902
Epoch 18/350, Validation Accuracy: 0.7957
Epoch 19/350, Validation Accuracy: 0.7683
Epoch 20/350, Validation Accuracy: 0.8994
Epoch 21/350, Validation Accuracy: 0.6189
Epoch 22/350, Validation Accuracy: 0.7165
Epoch 23/350, Validation Accuracy: 0.6189
Epoch 24/350, Validation Accuracy: 0.8628
Epoch 25/350, Validation Accuracy: 0.4390
Epoch 26/350, Validation Accuracy: 0.9024
Epoch 27/350, Validation Accuracy: 0.8659
Epoch 28/350, Validation Accuracy: 0.8933
Epoch 29/350, Validation Accuracy: 0.9024
Epoch 30/350, Validation Accuracy: 0.8232
Epoch 31/350, Validation Accuracy: 0.8659
Epoch 32/350, Validation Accuracy: 0.8476
Epoch 33/350, Validation Accuracy: 0.6860
Epoch 34/350, Validation Accuracy: 0.5183
Epoch 35/350, Validation Accuracy: 0.5335
Epoch 36/350, Validation Accuracy: 0.8445
Epoch 37/350, Validation Accuracy: 0.7622
Epoch 38/350, Validation Accuracy: 0.8933
Epoch 39/350, Validation Accuracy: 0.6890
Epoch 40/350, Validation Accuracy: 0.3537
Epoch 41/350, Validation Accuracy: 0.8384
Epoch 42/350, Validation Accuracy: 0.8232
Epoch 43/350, Validation Accuracy: 0.8750
Epoch 44/350, Validation Accuracy: 0.8659
Epoch 45/350, Validation Accuracy: 0.5884
Epoch 46/350, Validation Accuracy: 0.8720
Epoch 47/350, Validation Accuracy: 0.6006
Epoch 48/350, Validation Accuracy: 0.9024
Epoch 49/350, Validation Accuracy: 0.8445
Epoch 50/350, Validation Accuracy: 0.7622
Epoch 51/350, Validation Accuracy: 0.8902
Epoch 52/350, Validation Accuracy: 0.7957
Epoch 53/350, Validation Accuracy: 0.8415
Epoch 54/350, Validation Accuracy: 0.9085
Epoch 55/350, Validation Accuracy: 0.6616
Epoch 56/350, Validation Accuracy: 0.7622
Epoch 57/350, Validation Accuracy: 0.9085
Epoch 58/350, Validation Accuracy: 0.8079
Epoch 59/350, Validation Accuracy: 0.7348
Epoch 60/350, Validation Accuracy: 0.8841
Epoch 61/350, Validation Accuracy: 0.8171
Epoch 62/350, Validation Accuracy: 0.8659
Epoch 63/350, Validation Accuracy: 0.8476
Epoch 64/350, Validation Accuracy: 0.8994
Epoch 65/350, Validation Accuracy: 0.5976
Epoch 66/350, Validation Accuracy: 0.8780
Epoch 67/350, Validation Accuracy: 0.6494
Epoch 68/350, Validation Accuracy: 0.8689
Epoch 69/350, Validation Accuracy: 0.6067
Epoch 70/350, Validation Accuracy: 0.8628
Epoch 71/350, Validation Accuracy: 0.7927
Epoch 72/350, Validation Accuracy: 0.8323
Epoch 73/350, Validation Accuracy: 0.7439
Epoch 74/350, Validation Accuracy: 0.5305
Epoch 75/350, Validation Accuracy: 0.9085
Epoch 76/350, Validation Accuracy: 0.7104
Epoch 77/350, Validation Accuracy: 0.8384
Epoch 78/350, Validation Accuracy: 0.5396
Epoch 79/350, Validation Accuracy: 0.7988
Epoch 80/350, Validation Accuracy: 0.3780
Epoch 81/350, Validation Accuracy: 0.8659
Epoch 82/350, Validation Accuracy: 0.6037
Epoch 83/350, Validation Accuracy: 0.8567
Epoch 84/350, Validation Accuracy: 0.8049
Epoch 85/350, Validation Accuracy: 0.8994
Epoch 86/350, Validation Accuracy: 0.8902
Epoch 87/350, Validation Accuracy: 0.8537
Epoch 88/350, Validation Accuracy: 0.6646
Epoch 89/350, Validation Accuracy: 0.9055
Epoch 90/350, Validation Accuracy: 0.7774
Epoch 91/350, Validation Accuracy: 0.7774
Epoch 92/350, Validation Accuracy: 0.8293
Epoch 93/350, Validation Accuracy: 0.8293
Epoch 94/350, Validation Accuracy: 0.4268
Epoch 95/350, Validation Accuracy: 0.5457
Epoch 96/350, Validation Accuracy: 0.8780
Epoch 97/350, Validation Accuracy: 0.6463
Epoch 98/350, Validation Accuracy: 0.8902
Epoch 99/350, Validation Accuracy: 0.5488
Epoch 100/350, Validation Accuracy: 0.9055
Epoch 101/350, Validation Accuracy: 0.9146
Epoch 102/350, Validation Accuracy: 0.8476
Epoch 103/350, Validation Accuracy: 0.6768
Epoch 104/350, Validation Accuracy: 0.9207
Epoch 105/350, Validation Accuracy: 0.8323
Epoch 106/350, Validation Accuracy: 0.4970
Epoch 107/350, Validation Accuracy: 0.7378
Epoch 108/350, Validation Accuracy: 0.8902
Epoch 109/350, Validation Accuracy: 0.8994
Epoch 110/350, Validation Accuracy: 0.9207
Epoch 111/350, Validation Accuracy: 0.9146
Epoch 112/350, Validation Accuracy: 0.8354
Epoch 113/350, Validation Accuracy: 0.7866
Epoch 114/350, Validation Accuracy: 0.9024
Epoch 115/350, Validation Accuracy: 0.7317
Epoch 116/350, Validation Accuracy: 0.8994
Epoch 117/350, Validation Accuracy: 0.9116
Epoch 118/350, Validation Accuracy: 0.8354
Epoch 119/350, Validation Accuracy: 0.7012
Epoch 120/350, Validation Accuracy: 0.5762
Epoch 121/350, Validation Accuracy: 0.7317
Epoch 122/350, Validation Accuracy: 0.8384
Epoch 123/350, Validation Accuracy: 0.8323
Epoch 124/350, Validation Accuracy: 0.9024
Epoch 125/350, Validation Accuracy: 0.6768
Epoch 126/350, Validation Accuracy: 0.8598
Epoch 127/350, Validation Accuracy: 0.9177
Epoch 128/350, Validation Accuracy: 0.8872
Epoch 129/350, Validation Accuracy: 0.8841
Epoch 130/350, Validation Accuracy: 0.7683
Epoch 131/350, Validation Accuracy: 0.8323
Epoch 132/350, Validation Accuracy: 0.8994
Epoch 133/350, Validation Accuracy: 0.9055
Epoch 134/350, Validation Accuracy: 0.9177
Epoch 135/350, Validation Accuracy: 0.5549
Epoch 136/350, Validation Accuracy: 0.8537
Epoch 137/350, Validation Accuracy: 0.7683
Epoch 138/350, Validation Accuracy: 0.8841
Epoch 139/350, Validation Accuracy: 0.7988
Epoch 140/350, Validation Accuracy: 0.6372
Epoch 141/350, Validation Accuracy: 0.9116
Epoch 142/350, Validation Accuracy: 0.9085
Epoch 143/350, Validation Accuracy: 0.5122
Epoch 144/350, Validation Accuracy: 0.9024
Epoch 145/350, Validation Accuracy: 0.8049
Epoch 146/350, Validation Accuracy: 0.9024
Epoch 147/350, Validation Accuracy: 0.8567
Epoch 148/350, Validation Accuracy: 0.8598
Epoch 149/350, Validation Accuracy: 0.8841
Epoch 150/350, Validation Accuracy: 0.6311
Epoch 151/350, Validation Accuracy: 0.8720
Epoch 152/350, Validation Accuracy: 0.9177
Epoch 153/350, Validation Accuracy: 0.8598
Epoch 154/350, Validation Accuracy: 0.8750
Epoch 155/350, Validation Accuracy: 0.4085
Epoch 156/350, Validation Accuracy: 0.3750
Epoch 157/350, Validation Accuracy: 0.8902
Epoch 158/350, Validation Accuracy: 0.8659
Epoch 159/350, Validation Accuracy: 0.8933
Epoch 160/350, Validation Accuracy: 0.9207
Epoch 161/350, Validation Accuracy: 0.9238
Epoch 162/350, Validation Accuracy: 0.9268
Epoch 163/350, Validation Accuracy: 0.8201
Epoch 164/350, Validation Accuracy: 0.9421
Epoch 165/350, Validation Accuracy: 0.9085
Epoch 166/350, Validation Accuracy: 0.6860
Epoch 167/350, Validation Accuracy: 0.9421
Epoch 168/350, Validation Accuracy: 0.6768
Epoch 169/350, Validation Accuracy: 0.5183
Epoch 170/350, Validation Accuracy: 0.6829
Epoch 171/350, Validation Accuracy: 0.8841
Epoch 172/350, Validation Accuracy: 0.9390
Epoch 173/350, Validation Accuracy: 0.4665
Epoch 174/350, Validation Accuracy: 0.8963
Epoch 175/350, Validation Accuracy: 0.8933
Epoch 176/350, Validation Accuracy: 0.9268
Epoch 177/350, Validation Accuracy: 0.8537
Epoch 178/350, Validation Accuracy: 0.8476
Epoch 179/350, Validation Accuracy: 0.9116
Epoch 180/350, Validation Accuracy: 0.8841
Epoch 181/350, Validation Accuracy: 0.8720
Epoch 182/350, Validation Accuracy: 0.8537
Epoch 183/350, Validation Accuracy: 0.7652
Epoch 184/350, Validation Accuracy: 0.9177
Epoch 185/350, Validation Accuracy: 0.8872
Epoch 186/350, Validation Accuracy: 0.9207
Epoch 187/350, Validation Accuracy: 0.8780
Epoch 188/350, Validation Accuracy: 0.8933
Epoch 189/350, Validation Accuracy: 0.8994
Epoch 190/350, Validation Accuracy: 0.8659
Epoch 191/350, Validation Accuracy: 0.7896
Epoch 192/350, Validation Accuracy: 0.9055
Epoch 193/350, Validation Accuracy: 0.9024
Epoch 194/350, Validation Accuracy: 0.8659
Epoch 195/350, Validation Accuracy: 0.8963
Epoch 196/350, Validation Accuracy: 0.9116
Epoch 197/350, Validation Accuracy: 0.8323
Epoch 198/350, Validation Accuracy: 0.8811
Epoch 199/350, Validation Accuracy: 0.9146
Epoch 200/350, Validation Accuracy: 0.9116
Epoch 201/350, Validation Accuracy: 0.9177
Epoch 202/350, Validation Accuracy: 0.9085
Epoch 203/350, Validation Accuracy: 0.9055
Epoch 204/350, Validation Accuracy: 0.9116
Epoch 205/350, Validation Accuracy: 0.8140
Epoch 206/350, Validation Accuracy: 0.9116
Epoch 207/350, Validation Accuracy: 0.8506
Epoch 208/350, Validation Accuracy: 0.8994
Epoch 209/350, Validation Accuracy: 0.9299
Epoch 210/350, Validation Accuracy: 0.8963
Epoch 211/350, Validation Accuracy: 0.8994
Epoch 212/350, Validation Accuracy: 0.9299
Epoch 213/350, Validation Accuracy: 0.9299
Epoch 214/350, Validation Accuracy: 0.9268
Epoch 215/350, Validation Accuracy: 0.9055
Epoch 216/350, Validation Accuracy: 0.9177
Epoch 217/350, Validation Accuracy: 0.9146
Epoch 218/350, Validation Accuracy: 0.9024
Epoch 219/350, Validation Accuracy: 0.9116
Epoch 220/350, Validation Accuracy: 0.9055
Epoch 221/350, Validation Accuracy: 0.9268
Epoch 222/350, Validation Accuracy: 0.9177
Epoch 223/350, Validation Accuracy: 0.9024
Epoch 224/350, Validation Accuracy: 0.8537
Epoch 225/350, Validation Accuracy: 0.9360
Epoch 226/350, Validation Accuracy: 0.7957
Epoch 227/350, Validation Accuracy: 0.9299
Epoch 228/350, Validation Accuracy: 0.9116
Epoch 229/350, Validation Accuracy: 0.8293
Epoch 230/350, Validation Accuracy: 0.9055
Epoch 231/350, Validation Accuracy: 0.9116
Epoch 232/350, Validation Accuracy: 0.8415
Epoch 233/350, Validation Accuracy: 0.9024
Epoch 234/350, Validation Accuracy: 0.8933
Epoch 235/350, Validation Accuracy: 0.7652
Epoch 236/350, Validation Accuracy: 0.8293
Epoch 237/350, Validation Accuracy: 0.7439
Epoch 238/350, Validation Accuracy: 0.8323
Epoch 239/350, Validation Accuracy: 0.6646
Epoch 240/350, Validation Accuracy: 0.7012
Epoch 241/350, Validation Accuracy: 0.8659
Epoch 242/350, Validation Accuracy: 0.9085
Epoch 243/350, Validation Accuracy: 0.7957
Epoch 244/350, Validation Accuracy: 0.8994
Epoch 245/350, Validation Accuracy: 0.9238
Epoch 246/350, Validation Accuracy: 0.8720
Epoch 247/350, Validation Accuracy: 0.9085
Epoch 248/350, Validation Accuracy: 0.9085
Epoch 249/350, Validation Accuracy: 0.8902
Epoch 250/350, Validation Accuracy: 0.8415
Epoch 251/350, Validation Accuracy: 0.8689
Epoch 252/350, Validation Accuracy: 0.8567
Epoch 253/350, Validation Accuracy: 0.8720
Epoch 254/350, Validation Accuracy: 0.8933
Epoch 255/350, Validation Accuracy: 0.8994
Epoch 256/350, Validation Accuracy: 0.8811
Epoch 257/350, Validation Accuracy: 0.8506
Epoch 258/350, Validation Accuracy: 0.9299
Epoch 259/350, Validation Accuracy: 0.9055
Epoch 260/350, Validation Accuracy: 0.9329
Epoch 261/350, Validation Accuracy: 0.7134
Epoch 262/350, Validation Accuracy: 0.9055
Epoch 263/350, Validation Accuracy: 0.9207
Epoch 264/350, Validation Accuracy: 0.9146
Epoch 265/350, Validation Accuracy: 0.8598
Epoch 266/350, Validation Accuracy: 0.8750
Epoch 267/350, Validation Accuracy: 0.8933
Epoch 268/350, Validation Accuracy: 0.8750
Epoch 269/350, Validation Accuracy: 0.7378
Epoch 270/350, Validation Accuracy: 0.9268
Epoch 271/350, Validation Accuracy: 0.9146
Epoch 272/350, Validation Accuracy: 0.9055
Epoch 273/350, Validation Accuracy: 0.7683
Epoch 274/350, Validation Accuracy: 0.8811
Epoch 275/350, Validation Accuracy: 0.9207
Epoch 276/350, Validation Accuracy: 0.9024
Epoch 277/350, Validation Accuracy: 0.8872
Epoch 278/350, Validation Accuracy: 0.8811
Epoch 279/350, Validation Accuracy: 0.8963
Epoch 280/350, Validation Accuracy: 0.9024
Epoch 281/350, Validation Accuracy: 0.8963
Epoch 282/350, Validation Accuracy: 0.8963
Epoch 283/350, Validation Accuracy: 0.8963
Epoch 284/350, Validation Accuracy: 0.8049
Epoch 285/350, Validation Accuracy: 0.9024
Epoch 286/350, Validation Accuracy: 0.7927
Epoch 287/350, Validation Accuracy: 0.8750
Epoch 288/350, Validation Accuracy: 0.9207
Epoch 289/350, Validation Accuracy: 0.8994
Epoch 290/350, Validation Accuracy: 0.8902
Epoch 291/350, Validation Accuracy: 0.9055
Epoch 292/350, Validation Accuracy: 0.8872
Epoch 293/350, Validation Accuracy: 0.9177
Epoch 294/350, Validation Accuracy: 0.8232
Epoch 295/350, Validation Accuracy: 0.8415
Epoch 296/350, Validation Accuracy: 0.7104
Epoch 297/350, Validation Accuracy: 0.9360
Epoch 298/350, Validation Accuracy: 0.9238
Epoch 299/350, Validation Accuracy: 0.9024
Epoch 300/350, Validation Accuracy: 0.4787
Epoch 301/350, Validation Accuracy: 0.9085
Epoch 302/350, Validation Accuracy: 0.6098
Epoch 303/350, Validation Accuracy: 0.9299
Epoch 304/350, Validation Accuracy: 0.9024
Epoch 305/350, Validation Accuracy: 0.9238
Epoch 306/350, Validation Accuracy: 0.9299
Epoch 307/350, Validation Accuracy: 0.9268
Epoch 308/350, Validation Accuracy: 0.9085
Epoch 309/350, Validation Accuracy: 0.9299
Epoch 310/350, Validation Accuracy: 0.9116
Epoch 311/350, Validation Accuracy: 0.9055
Epoch 312/350, Validation Accuracy: 0.9116
Epoch 313/350, Validation Accuracy: 0.8628
Epoch 314/350, Validation Accuracy: 0.8933
Epoch 315/350, Validation Accuracy: 0.8354
Epoch 316/350, Validation Accuracy: 0.9268
Epoch 317/350, Validation Accuracy: 0.9024
Epoch 318/350, Validation Accuracy: 0.9146
Epoch 319/350, Validation Accuracy: 0.9207
Epoch 320/350, Validation Accuracy: 0.9268
Epoch 321/350, Validation Accuracy: 0.9116
Epoch 322/350, Validation Accuracy: 0.9146
Epoch 323/350, Validation Accuracy: 0.9268
Epoch 324/350, Validation Accuracy: 0.9116
Epoch 325/350, Validation Accuracy: 0.8933
Epoch 326/350, Validation Accuracy: 0.8780
Epoch 327/350, Validation Accuracy: 0.8994
Epoch 328/350, Validation Accuracy: 0.8994
Epoch 329/350, Validation Accuracy: 0.9207
Epoch 330/350, Validation Accuracy: 0.8872
Epoch 331/350, Validation Accuracy: 0.8994
Epoch 332/350, Validation Accuracy: 0.9238
Epoch 333/350, Validation Accuracy: 0.9024
Epoch 334/350, Validation Accuracy: 0.9268
Epoch 335/350, Validation Accuracy: 0.9207
Epoch 336/350, Validation Accuracy: 0.9268
Epoch 337/350, Validation Accuracy: 0.9268
Epoch 338/350, Validation Accuracy: 0.8963
Epoch 339/350, Validation Accuracy: 0.9207
Epoch 340/350, Validation Accuracy: 0.9207
Epoch 341/350, Validation Accuracy: 0.8994
Epoch 342/350, Validation Accuracy: 0.9146
Epoch 343/350, Validation Accuracy: 0.8445
Epoch 344/350, Validation Accuracy: 0.8841
Epoch 345/350, Validation Accuracy: 0.9024
Epoch 346/350, Validation Accuracy: 0.9207
Epoch 347/350, Validation Accuracy: 0.8963
Epoch 348/350, Validation Accuracy: 0.8811
Epoch 349/350, Validation Accuracy: 0.9055
Epoch 350/350, Validation Accuracy: 0.7896
VGG19 Best Validation Accuracy: 0.9421
Evaluating DenseNet201...
Classification Report for DenseNet201:
{'AD': {'precision': 0.9803921568627451, 'recall': 0.9803921568627451, 'f1-score': 0.9803921568627451, 'support': 102.0}, 'MCI': {'precision': 0.9224137931034483, 'recall': 0.9907407407407407, 'f1-score': 0.9553571428571429, 'support': 108.0}, 'N': {'precision': 0.990909090909091, 'recall': 0.923728813559322, 'f1-score': 0.956140350877193, 'support': 118.0}, 'accuracy': 0.9634146341463414, 'macro avg': {'precision': 0.9645716802917614, 'recall': 0.9649539037209358, 'f1-score': 0.9639632168656936, 'support': 328.0}, 'weighted avg': {'precision': 0.9650852511659912, 'recall': 0.9634146341463414, 'f1-score': 0.9634241854636592, 'support': 328.0}}
AUC for DenseNet201: 1.00
F1 Score for DenseNet201: 0.96
Sensitivity for DenseNet201: 0.99
Specificity for DenseNet201: 0.99
Evaluating ResNet50...
Classification Report for ResNet50:
{'AD': {'precision': 1.0, 'recall': 0.9803921568627451, 'f1-score': 0.9900990099009901, 'support': 102.0}, 'MCI': {'precision': 0.9464285714285714, 'recall': 0.9814814814814815, 'f1-score': 0.9636363636363636, 'support': 108.0}, 'N': {'precision': 0.9827586206896551, 'recall': 0.9661016949152542, 'f1-score': 0.9743589743589743, 'support': 118.0}, 'accuracy': 0.975609756097561, 'macro avg': {'precision': 0.9763957307060754, 'recall': 0.9759917777531603, 'f1-score': 0.9760314492987759, 'support': 328.0}, 'weighted avg': {'precision': 0.9761579358404422, 'recall': 0.975609756097561, 'f1-score': 0.9757231257834977, 'support': 328.0}}
AUC for ResNet50: 1.00
F1 Score for ResNet50: 0.98
Sensitivity for ResNet50: 1.00
Specificity for ResNet50: 0.98
Evaluating VGG19...
Classification Report for VGG19:
{'AD': {'precision': 0.6644736842105263, 'recall': 0.9901960784313726, 'f1-score': 0.7952755905511811, 'support': 102.0}, 'MCI': {'precision': 0.9259259259259259, 'recall': 0.6944444444444444, 'f1-score': 0.7936507936507936, 'support': 108.0}, 'N': {'precision': 0.968421052631579, 'recall': 0.7796610169491526, 'f1-score': 0.863849765258216, 'support': 118.0}, 'accuracy': 0.8170731707317073, 'macro avg': {'precision': 0.852940220922677, 'recall': 0.8214338466083232, 'f1-score': 0.8175920498200636, 'support': 328.0}, 'weighted avg': {'precision': 0.8599085365853659, 'recall': 0.8170731707317073, 'f1-score': 0.8194105739359014, 'support': 328.0}}
AUC for VGG19: 0.97
F1 Score for VGG19: 0.82
Sensitivity for VGG19: 0.71
Specificity for VGG19: 0.99
Evaluating WPBM Ensemble...
Classification Report for WPBM Ensemble:
{'AD': {'precision': 0.9902912621359223, 'recall': 1.0, 'f1-score': 0.9951219512195122, 'support': 102.0}, 'MCI': {'precision': 0.963963963963964, 'recall': 0.9907407407407407, 'f1-score': 0.9771689497716894, 'support': 108.0}, 'N': {'precision': 1.0, 'recall': 0.9661016949152542, 'f1-score': 0.9827586206896551, 'support': 118.0}, 'accuracy': 0.9847560975609756, 'macro avg': {'precision': 0.9847517420332954, 'recall': 0.985614145218665, 'f1-score': 0.9850165072269523, 'support': 328.0}, 'weighted avg': {'precision': 0.9851152952621103, 'recall': 0.9847560975609756, 'f1-score': 0.9847628135399756, 'support': 328.0}}
AUC for WPBM Ensemble: 1.00
F1 Score for WPBM Ensemble: 0.98
Sensitivity for WPBM Ensemble: 0.99
Specificity for WPBM Ensemble: 1.00
Performance metrics saved to 'model_performance_metrics.csv'.
